# JRE version: Java(TM) SE Runtime Environment (7.0_51-b13) (build 1.7.0_51-b13)
# Java VM: Java HotSpot(TM) 64-Bit Server VM (24.51-b03 mixed mode bsd-amd64 compressed oops)
Heap
 PSYoungGen      total 35328K, used 24212K [0x00000007fd500000, 0x0000000800000000, 0x0000000800000000)
  eden space 27648K, 73% used [0x00000007fd500000,0x00000007fe8c7280,0x00000007ff000000)
  from space 7680K, 51% used [0x00000007ff880000,0x00000007ffc5dfd8,0x0000000800000000)
  to   space 8192K, 0% used [0x00000007ff000000,0x00000007ff000000,0x00000007ff800000)
 ParOldGen       total 43520K, used 11939K [0x00000007f8000000, 0x00000007faa80000, 0x00000007fd500000)
  object space 43520K, 27% used [0x00000007f8000000,0x00000007f8ba8ca8,0x00000007faa80000)
 PSPermGen       total 24064K, used 23602K [0x00000007f2e00000, 0x00000007f4580000, 0x00000007f8000000)
  object space 24064K, 98% used [0x00000007f2e00000,0x00000007f450c958,0x00000007f4580000)
GC Heap History (10 events):
Event: 1.061 GC heap before
{Heap before GC invocations=2 (full 0):
 PSYoungGen      total 19456K, used 19447K [0x00000007fd500000, 0x00000007fea80000, 0x0000000800000000)
  eden space 16896K, 100% used [0x00000007fd500000,0x00000007fe580000,0x00000007fe580000)
  from space 2560K, 99% used [0x00000007fe580000,0x00000007fe7fdc18,0x00000007fe800000)
  to   space 2560K, 0% used [0x00000007fe800000,0x00000007fe800000,0x00000007fea80000)
 ParOldGen       total 43520K, used 460K [0x00000007f8000000, 0x00000007faa80000, 0x00000007fd500000)
  object space 43520K, 1% used [0x00000007f8000000,0x00000007f8073358,0x00000007faa80000)
 PSPermGen       total 21504K, used 11702K [0x00000007f2e00000, 0x00000007f4300000, 0x00000007f8000000)
  object space 21504K, 54% used [0x00000007f2e00000,0x00000007f396db08,0x00000007f4300000)
Event: 1.068 GC heap after
Heap after GC invocations=2 (full 0):
 PSYoungGen      total 19456K, used 2558K [0x00000007fd500000, 0x00000007ffb00000, 0x0000000800000000)
  eden space 16896K, 0% used [0x00000007fd500000,0x00000007fd500000,0x00000007fe580000)
  from space 2560K, 99% used [0x00000007fe800000,0x00000007fea7fbe8,0x00000007fea80000)
  to   space 2560K, 0% used [0x00000007fe580000,0x00000007fe580000,0x00000007fe800000)
 ParOldGen       total 43520K, used 1984K [0x00000007f8000000, 0x00000007faa80000, 0x00000007fd500000)
  object space 43520K, 4% used [0x00000007f8000000,0x00000007f81f0148,0x00000007faa80000)
 PSPermGen       total 21504K, used 11702K [0x00000007f2e00000, 0x00000007f4300000, 0x00000007f8000000)
  object space 21504K, 54% used [0x00000007f2e00000,0x00000007f396db08,0x00000007f4300000)
}
Event: 1.305 GC heap before
{Heap before GC invocations=3 (full 0):
 PSYoungGen      total 19456K, used 19454K [0x00000007fd500000, 0x00000007ffb00000, 0x0000000800000000)
  eden space 16896K, 100% used [0x00000007fd500000,0x00000007fe580000,0x00000007fe580000)
  from space 2560K, 99% used [0x00000007fe800000,0x00000007fea7fbe8,0x00000007fea80000)
  to   space 2560K, 0% used [0x00000007fe580000,0x00000007fe580000,0x00000007fe800000)
 ParOldGen       total 43520K, used 1984K [0x00000007f8000000, 0x00000007faa80000, 0x00000007fd500000)
  object space 43520K, 4% used [0x00000007f8000000,0x00000007f81f0148,0x00000007faa80000)
 PSPermGen       total 21504K, used 13745K [0x00000007f2e00000, 0x00000007f4300000, 0x00000007f8000000)
  object space 21504K, 63% used [0x00000007f2e00000,0x00000007f3b6c430,0x00000007f4300000)
Event: 1.312 GC heap after
Heap after GC invocations=3 (full 0):
 PSYoungGen      total 19456K, used 2555K [0x00000007fd500000, 0x00000007ffb00000, 0x0000000800000000)
  eden space 16896K, 0% used [0x00000007fd500000,0x00000007fd500000,0x00000007fe580000)
  from space 2560K, 99% used [0x00000007fe580000,0x00000007fe7fed10,0x00000007fe800000)
  to   space 2560K, 0% used [0x00000007ff880000,0x00000007ff880000,0x00000007ffb00000)
 ParOldGen       total 43520K, used 3432K [0x00000007f8000000, 0x00000007faa80000, 0x00000007fd500000)
  object space 43520K, 7% used [0x00000007f8000000,0x00000007f835a140,0x00000007faa80000)
 PSPermGen       total 21504K, used 13745K [0x00000007f2e00000, 0x00000007f4300000, 0x00000007f8000000)
  object space 21504K, 63% used [0x00000007f2e00000,0x00000007f3b6c430,0x00000007f4300000)
}
Event: 1.659 GC heap before
{Heap before GC invocations=4 (full 0):
 PSYoungGen      total 19456K, used 19451K [0x00000007fd500000, 0x00000007ffb00000, 0x0000000800000000)
  eden space 16896K, 100% used [0x00000007fd500000,0x00000007fe580000,0x00000007fe580000)
  from space 2560K, 99% used [0x00000007fe580000,0x00000007fe7fed10,0x00000007fe800000)
  to   space 2560K, 0% used [0x00000007ff880000,0x00000007ff880000,0x00000007ffb00000)
 ParOldGen       total 43520K, used 3432K [0x00000007f8000000, 0x00000007faa80000, 0x00000007fd500000)
  object space 43520K, 7% used [0x00000007f8000000,0x00000007f835a140,0x00000007faa80000)
 PSPermGen       total 21504K, used 15818K [0x00000007f2e00000, 0x00000007f4300000, 0x00000007f8000000)
  object space 21504K, 73% used [0x00000007f2e00000,0x00000007f3d72988,0x00000007f4300000)
Event: 1.668 GC heap after
Heap after GC invocations=4 (full 0):
 PSYoungGen      total 36352K, used 2546K [0x00000007fd500000, 0x00000007ffb00000, 0x0000000800000000)
  eden space 33792K, 0% used [0x00000007fd500000,0x00000007fd500000,0x00000007ff600000)
  from space 2560K, 99% used [0x00000007ff880000,0x00000007ffafcab0,0x00000007ffb00000)
  to   space 2560K, 0% used [0x00000007ff600000,0x00000007ff600000,0x00000007ff880000)
 ParOldGen       total 43520K, used 5549K [0x00000007f8000000, 0x00000007faa80000, 0x00000007fd500000)
  object space 43520K, 12% used [0x00000007f8000000,0x00000007f856b778,0x00000007faa80000)
 PSPermGen       total 21504K, used 15818K [0x00000007f2e00000, 0x00000007f4300000, 0x00000007f8000000)
  object space 21504K, 73% used [0x00000007f2e00000,0x00000007f3d72988,0x00000007f4300000)
}
Event: 2.550 GC heap before
{Heap before GC invocations=5 (full 0):
 PSYoungGen      total 36352K, used 36338K [0x00000007fd500000, 0x00000007ffb00000, 0x0000000800000000)
  eden space 33792K, 100% used [0x00000007fd500000,0x00000007ff600000,0x00000007ff600000)
  from space 2560K, 99% used [0x00000007ff880000,0x00000007ffafcab0,0x00000007ffb00000)
  to   space 2560K, 0% used [0x00000007ff600000,0x00000007ff600000,0x00000007ff880000)
 ParOldGen       total 43520K, used 5549K [0x00000007f8000000, 0x00000007faa80000, 0x00000007fd500000)
  object space 43520K, 12% used [0x00000007f8000000,0x00000007f856b778,0x00000007faa80000)
 PSPermGen       total 21504K, used 19549K [0x00000007f2e00000, 0x00000007f4300000, 0x00000007f8000000)
  object space 21504K, 90% used [0x00000007f2e00000,0x00000007f4117638,0x00000007f4300000)
Event: 2.563 GC heap after
Heap after GC invocations=5 (full 0):
 PSYoungGen      total 36352K, used 2530K [0x00000007fd500000, 0x0000000800000000, 0x0000000800000000)
  eden space 33792K, 0% used [0x00000007fd500000,0x00000007fd500000,0x00000007ff600000)
  from space 2560K, 98% used [0x00000007ff600000,0x00000007ff878a80,0x00000007ff880000)
  to   space 7680K, 0% used [0x00000007ff880000,0x00000007ff880000,0x0000000800000000)
 ParOldGen       total 43520K, used 11931K [0x00000007f8000000, 0x00000007faa80000, 0x00000007fd500000)
  object space 43520K, 27% used [0x00000007f8000000,0x00000007f8ba6ca8,0x00000007faa80000)
 PSPermGen       total 21504K, used 19549K [0x00000007f2e00000, 0x00000007f4300000, 0x00000007f8000000)
  object space 21504K, 90% used [0x00000007f2e00000,0x00000007f4117638,0x00000007f4300000)
}
Event: 43.011 GC heap before
{Heap before GC invocations=6 (full 0):
 PSYoungGen      total 36352K, used 36322K [0x00000007fd500000, 0x0000000800000000, 0x0000000800000000)
  eden space 33792K, 100% used [0x00000007fd500000,0x00000007ff600000,0x00000007ff600000)
  from space 2560K, 98% used [0x00000007ff600000,0x00000007ff878a80,0x00000007ff880000)
  to   space 7680K, 0% used [0x00000007ff880000,0x00000007ff880000,0x0000000800000000)
 ParOldGen       total 43520K, used 11931K [0x00000007f8000000, 0x00000007faa80000, 0x00000007fd500000)
  object space 43520K, 27% used [0x00000007f8000000,0x00000007f8ba6ca8,0x00000007faa80000)
 PSPermGen       total 22016K, used 21879K [0x00000007f2e00000, 0x00000007f4380000, 0x00000007f8000000)
  object space 22016K, 99% used [0x00000007f2e00000,0x00000007f435ddd0,0x00000007f4380000)
Event: 43.021 GC heap after
Heap after GC invocations=6 (full 0):
 PSYoungGen      total 35328K, used 3959K [0x00000007fd500000, 0x0000000800000000, 0x0000000800000000)
  eden space 27648K, 0% used [0x00000007fd500000,0x00000007fd500000,0x00000007ff000000)
  from space 7680K, 51% used [0x00000007ff880000,0x00000007ffc5dfd8,0x0000000800000000)
  to   space 8192K, 0% used [0x00000007ff000000,0x00000007ff000000,0x00000007ff800000)
 ParOldGen       total 43520K, used 11939K [0x00000007f8000000, 0x00000007faa80000, 0x00000007fd500000)
  object space 43520K, 27% used [0x00000007f8000000,0x00000007f8ba8ca8,0x00000007faa80000)
 PSPermGen       total 22016K, used 21879K [0x00000007f2e00000, 0x00000007f4380000, 0x00000007f8000000)
  object space 22016K, 99% used [0x00000007f2e00000,0x00000007f435ddd0,0x00000007f4380000)
}

