# JRE version: Java(TM) SE Runtime Environment (7.0_51-b13) (build 1.7.0_51-b13)
# Java VM: Java HotSpot(TM) 64-Bit Server VM (24.51-b03 mixed mode bsd-amd64 compressed oops)
Heap
 PSYoungGen      total 30720K, used 12947K [0x00000007fd500000, 0x00000007fff80000, 0x0000000800000000)
  eden space 27136K, 35% used [0x00000007fd500000,0x00000007fde62e20,0x00000007fef80000)
  from space 3584K, 93% used [0x00000007ff000000,0x00000007ff341e38,0x00000007ff380000)
  to   space 8192K, 0% used [0x00000007ff780000,0x00000007ff780000,0x00000007fff80000)
 ParOldGen       total 43520K, used 13445K [0x00000007f8000000, 0x00000007faa80000, 0x00000007fd500000)
  object space 43520K, 30% used [0x00000007f8000000,0x00000007f8d21420,0x00000007faa80000)
 PSPermGen       total 24576K, used 24192K [0x00000007f2e00000, 0x00000007f4600000, 0x00000007f8000000)
  object space 24576K, 98% used [0x00000007f2e00000,0x00000007f45a0148,0x00000007f4600000)
GC Heap History (10 events):
Event: 1.611 GC heap before
{Heap before GC invocations=3 (full 0):
 PSYoungGen      total 19456K, used 19450K [0x00000007fd500000, 0x00000007ffb00000, 0x0000000800000000)
  eden space 16896K, 100% used [0x00000007fd500000,0x00000007fe580000,0x00000007fe580000)
  from space 2560K, 99% used [0x00000007fe800000,0x00000007fea7ebf8,0x00000007fea80000)
  to   space 2560K, 0% used [0x00000007fe580000,0x00000007fe580000,0x00000007fe800000)
 ParOldGen       total 43520K, used 2087K [0x00000007f8000000, 0x00000007faa80000, 0x00000007fd500000)
  object space 43520K, 4% used [0x00000007f8000000,0x00000007f8209c38,0x00000007faa80000)
 PSPermGen       total 21504K, used 13744K [0x00000007f2e00000, 0x00000007f4300000, 0x00000007f8000000)
  object space 21504K, 63% used [0x00000007f2e00000,0x00000007f3b6c318,0x00000007f4300000)
Event: 1.618 GC heap after
Heap after GC invocations=3 (full 0):
 PSYoungGen      total 19456K, used 2555K [0x00000007fd500000, 0x00000007ffb00000, 0x0000000800000000)
  eden space 16896K, 0% used [0x00000007fd500000,0x00000007fd500000,0x00000007fe580000)
  from space 2560K, 99% used [0x00000007fe580000,0x00000007fe7fed10,0x00000007fe800000)
  to   space 2560K, 0% used [0x00000007ff880000,0x00000007ff880000,0x00000007ffb00000)
 ParOldGen       total 43520K, used 3608K [0x00000007f8000000, 0x00000007faa80000, 0x00000007fd500000)
  object space 43520K, 8% used [0x00000007f8000000,0x00000007f83862f0,0x00000007faa80000)
 PSPermGen       total 21504K, used 13744K [0x00000007f2e00000, 0x00000007f4300000, 0x00000007f8000000)
  object space 21504K, 63% used [0x00000007f2e00000,0x00000007f3b6c318,0x00000007f4300000)
}
Event: 2.015 GC heap before
{Heap before GC invocations=4 (full 0):
 PSYoungGen      total 19456K, used 19451K [0x00000007fd500000, 0x00000007ffb00000, 0x0000000800000000)
  eden space 16896K, 100% used [0x00000007fd500000,0x00000007fe580000,0x00000007fe580000)
  from space 2560K, 99% used [0x00000007fe580000,0x00000007fe7fed10,0x00000007fe800000)
  to   space 2560K, 0% used [0x00000007ff880000,0x00000007ff880000,0x00000007ffb00000)
 ParOldGen       total 43520K, used 3608K [0x00000007f8000000, 0x00000007faa80000, 0x00000007fd500000)
  object space 43520K, 8% used [0x00000007f8000000,0x00000007f83862f0,0x00000007faa80000)
 PSPermGen       total 21504K, used 15806K [0x00000007f2e00000, 0x00000007f4300000, 0x00000007f8000000)
  object space 21504K, 73% used [0x00000007f2e00000,0x00000007f3d6f918,0x00000007f4300000)
Event: 2.024 GC heap after
Heap after GC invocations=4 (full 0):
 PSYoungGen      total 36352K, used 2530K [0x00000007fd500000, 0x00000007ffb00000, 0x0000000800000000)
  eden space 33792K, 0% used [0x00000007fd500000,0x00000007fd500000,0x00000007ff600000)
  from space 2560K, 98% used [0x00000007ff880000,0x00000007ffaf8ac0,0x00000007ffb00000)
  to   space 2560K, 0% used [0x00000007ff600000,0x00000007ff600000,0x00000007ff880000)
 ParOldGen       total 43520K, used 5806K [0x00000007f8000000, 0x00000007faa80000, 0x00000007fd500000)
  object space 43520K, 13% used [0x00000007f8000000,0x00000007f85abab0,0x00000007faa80000)
 PSPermGen       total 21504K, used 15806K [0x00000007f2e00000, 0x00000007f4300000, 0x00000007f8000000)
  object space 21504K, 73% used [0x00000007f2e00000,0x00000007f3d6f918,0x00000007f4300000)
}
Event: 4.157 GC heap before
{Heap before GC invocations=5 (full 0):
 PSYoungGen      total 36352K, used 36322K [0x00000007fd500000, 0x00000007ffb00000, 0x0000000800000000)
  eden space 33792K, 100% used [0x00000007fd500000,0x00000007ff600000,0x00000007ff600000)
  from space 2560K, 98% used [0x00000007ff880000,0x00000007ffaf8ac0,0x00000007ffb00000)
  to   space 2560K, 0% used [0x00000007ff600000,0x00000007ff600000,0x00000007ff880000)
 ParOldGen       total 43520K, used 5806K [0x00000007f8000000, 0x00000007faa80000, 0x00000007fd500000)
  object space 43520K, 13% used [0x00000007f8000000,0x00000007f85abab0,0x00000007faa80000)
 PSPermGen       total 21504K, used 19549K [0x00000007f2e00000, 0x00000007f4300000, 0x00000007f8000000)
  object space 21504K, 90% used [0x00000007f2e00000,0x00000007f4117540,0x00000007f4300000)
Event: 4.169 GC heap after
Heap after GC invocations=5 (full 0):
 PSYoungGen      total 36352K, used 2530K [0x00000007fd500000, 0x0000000800000000, 0x0000000800000000)
  eden space 33792K, 0% used [0x00000007fd500000,0x00000007fd500000,0x00000007ff600000)
  from space 2560K, 98% used [0x00000007ff600000,0x00000007ff878aa0,0x00000007ff880000)
  to   space 7680K, 0% used [0x00000007ff880000,0x00000007ff880000,0x0000000800000000)
 ParOldGen       total 43520K, used 12126K [0x00000007f8000000, 0x00000007faa80000, 0x00000007fd500000)
  object space 43520K, 27% used [0x00000007f8000000,0x00000007f8bd7870,0x00000007faa80000)
 PSPermGen       total 21504K, used 19549K [0x00000007f2e00000, 0x00000007f4300000, 0x00000007f8000000)
  object space 21504K, 90% used [0x00000007f2e00000,0x00000007f4117540,0x00000007f4300000)
}
Event: 40.690 GC heap before
{Heap before GC invocations=6 (full 0):
 PSYoungGen      total 36352K, used 36322K [0x00000007fd500000, 0x0000000800000000, 0x0000000800000000)
  eden space 33792K, 100% used [0x00000007fd500000,0x00000007ff600000,0x00000007ff600000)
  from space 2560K, 98% used [0x00000007ff600000,0x00000007ff878aa0,0x00000007ff880000)
  to   space 7680K, 0% used [0x00000007ff880000,0x00000007ff880000,0x0000000800000000)
 ParOldGen       total 43520K, used 12126K [0x00000007f8000000, 0x00000007faa80000, 0x00000007fd500000)
  object space 43520K, 27% used [0x00000007f8000000,0x00000007f8bd7870,0x00000007faa80000)
 PSPermGen       total 22528K, used 22512K [0x00000007f2e00000, 0x00000007f4400000, 0x00000007f8000000)
  object space 22528K, 99% used [0x00000007f2e00000,0x00000007f43fc068,0x00000007f4400000)
Event: 40.704 GC heap after
Heap after GC invocations=6 (full 0):
 PSYoungGen      total 35328K, used 4620K [0x00000007fd500000, 0x0000000800000000, 0x0000000800000000)
  eden space 27648K, 0% used [0x00000007fd500000,0x00000007fd500000,0x00000007ff000000)
  from space 7680K, 60% used [0x00000007ff880000,0x00000007ffd030c0,0x0000000800000000)
  to   space 8192K, 0% used [0x00000007ff000000,0x00000007ff000000,0x00000007ff800000)
 ParOldGen       total 43520K, used 12134K [0x00000007f8000000, 0x00000007faa80000, 0x00000007fd500000)
  object space 43520K, 27% used [0x00000007f8000000,0x00000007f8bd9870,0x00000007faa80000)
 PSPermGen       total 22528K, used 22512K [0x00000007f2e00000, 0x00000007f4400000, 0x00000007f8000000)
  object space 22528K, 99% used [0x00000007f2e00000,0x00000007f43fc068,0x00000007f4400000)
}
Event: 84.233 GC heap before
{Heap before GC invocations=7 (full 0):
 PSYoungGen      total 35328K, used 32268K [0x00000007fd500000, 0x0000000800000000, 0x0000000800000000)
  eden space 27648K, 100% used [0x00000007fd500000,0x00000007ff000000,0x00000007ff000000)
  from space 7680K, 60% used [0x00000007ff880000,0x00000007ffd030c0,0x0000000800000000)
  to   space 8192K, 0% used [0x00000007ff000000,0x00000007ff000000,0x00000007ff800000)
 ParOldGen       total 43520K, used 12134K [0x00000007f8000000, 0x00000007faa80000, 0x00000007fd500000)
  object space 43520K, 27% used [0x00000007f8000000,0x00000007f8bd9870,0x00000007faa80000)
 PSPermGen       total 24576K, used 24175K [0x00000007f2e00000, 0x00000007f4600000, 0x00000007f8000000)
  object space 24576K, 98% used [0x00000007f2e00000,0x00000007f459bc68,0x00000007f4600000)
Event: 84.245 GC heap after
Heap after GC invocations=7 (full 0):
 PSYoungGen      total 30720K, used 3335K [0x00000007fd500000, 0x00000007fff80000, 0x0000000800000000)
  eden space 27136K, 0% used [0x00000007fd500000,0x00000007fd500000,0x00000007fef80000)
  from space 3584K, 93% used [0x00000007ff000000,0x00000007ff341e38,0x00000007ff380000)
  to   space 8192K, 0% used [0x00000007ff780000,0x00000007ff780000,0x00000007fff80000)
 ParOldGen       total 43520K, used 13445K [0x00000007f8000000, 0x00000007faa80000, 0x00000007fd500000)
  object space 43520K, 30% used [0x00000007f8000000,0x00000007f8d21420,0x00000007faa80000)
 PSPermGen       total 24576K, used 24175K [0x00000007f2e00000, 0x00000007f4600000, 0x00000007f8000000)
  object space 24576K, 98% used [0x00000007f2e00000,0x00000007f459bc68,0x00000007f4600000)
}

