# JRE version: Java(TM) SE Runtime Environment (7.0_51-b13) (build 1.7.0_51-b13)
# Java VM: Java HotSpot(TM) 64-Bit Server VM (24.51-b03 mixed mode bsd-amd64 compressed oops)
Heap
 PSYoungGen      total 34304K, used 18868K [0x00000007fd500000, 0x00000007fff80000, 0x0000000800000000)
  eden space 26112K, 64% used [0x00000007fd500000,0x00000007fe5850d0,0x00000007fee80000)
  from space 8192K, 23% used [0x00000007fef00000,0x00000007ff0e8010,0x00000007ff700000)
  to   space 8704K, 0% used [0x00000007ff700000,0x00000007ff700000,0x00000007fff80000)
 ParOldGen       total 43520K, used 14865K [0x00000007f8000000, 0x00000007faa80000, 0x00000007fd500000)
  object space 43520K, 34% used [0x00000007f8000000,0x00000007f8e84560,0x00000007faa80000)
 PSPermGen       total 25600K, used 25402K [0x00000007f2e00000, 0x00000007f4700000, 0x00000007f8000000)
  object space 25600K, 99% used [0x00000007f2e00000,0x00000007f46cea10,0x00000007f4700000)
GC Heap History (10 events):
Event: 4.061 GC heap before
{Heap before GC invocations=5 (full 0):
 PSYoungGen      total 36352K, used 36338K [0x00000007fd500000, 0x00000007ffb00000, 0x0000000800000000)
  eden space 33792K, 100% used [0x00000007fd500000,0x00000007ff600000,0x00000007ff600000)
  from space 2560K, 99% used [0x00000007ff880000,0x00000007ffafcae0,0x00000007ffb00000)
  to   space 2560K, 0% used [0x00000007ff600000,0x00000007ff600000,0x00000007ff880000)
 ParOldGen       total 43520K, used 5703K [0x00000007f8000000, 0x00000007faa80000, 0x00000007fd500000)
  object space 43520K, 13% used [0x00000007f8000000,0x00000007f8591f78,0x00000007faa80000)
 PSPermGen       total 21504K, used 19548K [0x00000007f2e00000, 0x00000007f4300000, 0x00000007f8000000)
  object space 21504K, 90% used [0x00000007f2e00000,0x00000007f41171c8,0x00000007f4300000)
Event: 4.073 GC heap after
Heap after GC invocations=5 (full 0):
 PSYoungGen      total 36352K, used 2530K [0x00000007fd500000, 0x0000000800000000, 0x0000000800000000)
  eden space 33792K, 0% used [0x00000007fd500000,0x00000007fd500000,0x00000007ff600000)
  from space 2560K, 98% used [0x00000007ff600000,0x00000007ff878a80,0x00000007ff880000)
  to   space 7680K, 0% used [0x00000007ff880000,0x00000007ff880000,0x0000000800000000)
 ParOldGen       total 43520K, used 12017K [0x00000007f8000000, 0x00000007faa80000, 0x00000007fd500000)
  object space 43520K, 27% used [0x00000007f8000000,0x00000007f8bbc658,0x00000007faa80000)
 PSPermGen       total 21504K, used 19548K [0x00000007f2e00000, 0x00000007f4300000, 0x00000007f8000000)
  object space 21504K, 90% used [0x00000007f2e00000,0x00000007f41171c8,0x00000007f4300000)
}
Event: 34.155 GC heap before
{Heap before GC invocations=6 (full 0):
 PSYoungGen      total 36352K, used 36322K [0x00000007fd500000, 0x0000000800000000, 0x0000000800000000)
  eden space 33792K, 100% used [0x00000007fd500000,0x00000007ff600000,0x00000007ff600000)
  from space 2560K, 98% used [0x00000007ff600000,0x00000007ff878a80,0x00000007ff880000)
  to   space 7680K, 0% used [0x00000007ff880000,0x00000007ff880000,0x0000000800000000)
 ParOldGen       total 43520K, used 12017K [0x00000007f8000000, 0x00000007faa80000, 0x00000007fd500000)
  object space 43520K, 27% used [0x00000007f8000000,0x00000007f8bbc658,0x00000007faa80000)
 PSPermGen       total 22528K, used 22494K [0x00000007f2e00000, 0x00000007f4400000, 0x00000007f8000000)
  object space 22528K, 99% used [0x00000007f2e00000,0x00000007f43f7a98,0x00000007f4400000)
Event: 34.169 GC heap after
Heap after GC invocations=6 (full 0):
 PSYoungGen      total 35328K, used 4412K [0x00000007fd500000, 0x0000000800000000, 0x0000000800000000)
  eden space 27648K, 0% used [0x00000007fd500000,0x00000007fd500000,0x00000007ff000000)
  from space 7680K, 57% used [0x00000007ff880000,0x00000007ffccf0b0,0x0000000800000000)
  to   space 8192K, 0% used [0x00000007ff000000,0x00000007ff000000,0x00000007ff800000)
 ParOldGen       total 43520K, used 12025K [0x00000007f8000000, 0x00000007faa80000, 0x00000007fd500000)
  object space 43520K, 27% used [0x00000007f8000000,0x00000007f8bbe658,0x00000007faa80000)
 PSPermGen       total 22528K, used 22494K [0x00000007f2e00000, 0x00000007f4400000, 0x00000007f8000000)
  object space 22528K, 99% used [0x00000007f2e00000,0x00000007f43f7a98,0x00000007f4400000)
}
Event: 65.647 GC heap before
{Heap before GC invocations=7 (full 0):
 PSYoungGen      total 35328K, used 32060K [0x00000007fd500000, 0x0000000800000000, 0x0000000800000000)
  eden space 27648K, 100% used [0x00000007fd500000,0x00000007ff000000,0x00000007ff000000)
  from space 7680K, 57% used [0x00000007ff880000,0x00000007ffccf0b0,0x0000000800000000)
  to   space 8192K, 0% used [0x00000007ff000000,0x00000007ff000000,0x00000007ff800000)
 ParOldGen       total 43520K, used 12025K [0x00000007f8000000, 0x00000007faa80000, 0x00000007fd500000)
  object space 43520K, 27% used [0x00000007f8000000,0x00000007f8bbe658,0x00000007faa80000)
 PSPermGen       total 24576K, used 24319K [0x00000007f2e00000, 0x00000007f4600000, 0x00000007f8000000)
  object space 24576K, 98% used [0x00000007f2e00000,0x00000007f45bff78,0x00000007f4600000)
Event: 65.658 GC heap after
Heap after GC invocations=7 (full 0):
 PSYoungGen      total 33280K, used 6052K [0x00000007fd500000, 0x00000007fff80000, 0x0000000800000000)
  eden space 27136K, 0% used [0x00000007fd500000,0x00000007fd500000,0x00000007fef80000)
  from space 6144K, 98% used [0x00000007ff000000,0x00000007ff5e90e8,0x00000007ff600000)
  to   space 8192K, 0% used [0x00000007ff780000,0x00000007ff780000,0x00000007fff80000)
 ParOldGen       total 43520K, used 13100K [0x00000007f8000000, 0x00000007faa80000, 0x00000007fd500000)
  object space 43520K, 30% used [0x00000007f8000000,0x00000007f8ccb148,0x00000007faa80000)
 PSPermGen       total 24576K, used 24319K [0x00000007f2e00000, 0x00000007f4600000, 0x00000007f8000000)
  object space 24576K, 98% used [0x00000007f2e00000,0x00000007f45bff78,0x00000007f4600000)
}
Event: 149.741 GC heap before
{Heap before GC invocations=8 (full 0):
 PSYoungGen      total 33280K, used 33188K [0x00000007fd500000, 0x00000007fff80000, 0x0000000800000000)
  eden space 27136K, 100% used [0x00000007fd500000,0x00000007fef80000,0x00000007fef80000)
  from space 6144K, 98% used [0x00000007ff000000,0x00000007ff5e90e8,0x00000007ff600000)
  to   space 8192K, 0% used [0x00000007ff780000,0x00000007ff780000,0x00000007fff80000)
 ParOldGen       total 43520K, used 13100K [0x00000007f8000000, 0x00000007faa80000, 0x00000007fd500000)
  object space 43520K, 30% used [0x00000007f8000000,0x00000007f8ccb148,0x00000007faa80000)
 PSPermGen       total 25600K, used 25336K [0x00000007f2e00000, 0x00000007f4700000, 0x00000007f8000000)
  object space 25600K, 98% used [0x00000007f2e00000,0x00000007f46be2d8,0x00000007f4700000)
Event: 149.751 GC heap after
Heap after GC invocations=8 (full 0):
 PSYoungGen      total 34304K, used 5804K [0x00000007fd500000, 0x00000007fff00000, 0x0000000800000000)
  eden space 26624K, 0% used [0x00000007fd500000,0x00000007fd500000,0x00000007fef00000)
  from space 7680K, 75% used [0x00000007ff780000,0x00000007ffd2b020,0x00000007fff00000)
  to   space 8192K, 0% used [0x00000007fef00000,0x00000007fef00000,0x00000007ff700000)
 ParOldGen       total 43520K, used 13481K [0x00000007f8000000, 0x00000007faa80000, 0x00000007fd500000)
  object space 43520K, 30% used [0x00000007f8000000,0x00000007f8d2a410,0x00000007faa80000)
 PSPermGen       total 25600K, used 25336K [0x00000007f2e00000, 0x00000007f4700000, 0x00000007f8000000)
  object space 25600K, 98% used [0x00000007f2e00000,0x00000007f46be2d8,0x00000007f4700000)
}
Event: 283.777 GC heap before
{Heap before GC invocations=9 (full 0):
 PSYoungGen      total 34304K, used 32428K [0x00000007fd500000, 0x00000007fff00000, 0x0000000800000000)
  eden space 26624K, 100% used [0x00000007fd500000,0x00000007fef00000,0x00000007fef00000)
  from space 7680K, 75% used [0x00000007ff780000,0x00000007ffd2b020,0x00000007fff00000)
  to   space 8192K, 0% used [0x00000007fef00000,0x00000007fef00000,0x00000007ff700000)
 ParOldGen       total 43520K, used 13481K [0x00000007f8000000, 0x00000007faa80000, 0x00000007fd500000)
  object space 43520K, 30% used [0x00000007f8000000,0x00000007f8d2a410,0x00000007faa80000)
 PSPermGen       total 25600K, used 25388K [0x00000007f2e00000, 0x00000007f4700000, 0x00000007f8000000)
  object space 25600K, 99% used [0x00000007f2e00000,0x00000007f46cb318,0x00000007f4700000)
Event: 283.790 GC heap after
Heap after GC invocations=9 (full 0):
 PSYoungGen      total 34304K, used 1952K [0x00000007fd500000, 0x00000007fff80000, 0x0000000800000000)
  eden space 26112K, 0% used [0x00000007fd500000,0x00000007fd500000,0x00000007fee80000)
  from space 8192K, 23% used [0x00000007fef00000,0x00000007ff0e8010,0x00000007ff700000)
  to   space 8704K, 0% used [0x00000007ff700000,0x00000007ff700000,0x00000007fff80000)
 ParOldGen       total 43520K, used 14865K [0x00000007f8000000, 0x00000007faa80000, 0x00000007fd500000)
  object space 43520K, 34% used [0x00000007f8000000,0x00000007f8e84560,0x00000007faa80000)
 PSPermGen       total 25600K, used 25388K [0x00000007f2e00000, 0x00000007f4700000, 0x00000007f8000000)
  object space 25600K, 99% used [0x00000007f2e00000,0x00000007f46cb318,0x00000007f4700000)
}

