# JRE version: Java(TM) SE Runtime Environment (7.0_51-b13) (build 1.7.0_51-b13)
# Java VM: Java HotSpot(TM) 64-Bit Server VM (24.51-b03 mixed mode bsd-amd64 compressed oops)
Heap
 PSYoungGen      total 24064K, used 16152K [0x00000007fd500000, 0x00000007ff180000, 0x0000000800000000)
  eden space 18944K, 79% used [0x00000007fd500000,0x00000007fe3b6238,0x00000007fe780000)
  from space 5120K, 21% used [0x00000007fe780000,0x00000007fe890000,0x00000007fec80000)
  to   space 5120K, 0% used [0x00000007fec80000,0x00000007fec80000,0x00000007ff180000)
 ParOldGen       total 43520K, used 16045K [0x00000007f8000000, 0x00000007faa80000, 0x00000007fd500000)
  object space 43520K, 36% used [0x00000007f8000000,0x00000007f8fab518,0x00000007faa80000)
 PSPermGen       total 24576K, used 24098K [0x00000007f2e00000, 0x00000007f4600000, 0x00000007f8000000)
  object space 24576K, 98% used [0x00000007f2e00000,0x00000007f4588940,0x00000007f4600000)
GC Heap History (10 events):
Event: 2193.639 GC heap before
{Heap before GC invocations=23 (full 0):
 PSYoungGen      total 24576K, used 20736K [0x00000007fd500000, 0x00000007ff400000, 0x0000000800000000)
  eden space 19456K, 100% used [0x00000007fd500000,0x00000007fe800000,0x00000007fe800000)
  from space 5120K, 25% used [0x00000007fef00000,0x00000007ff040000,0x00000007ff400000)
  to   space 6144K, 0% used [0x00000007fe800000,0x00000007fe800000,0x00000007fee00000)
 ParOldGen       total 43520K, used 15799K [0x00000007f8000000, 0x00000007faa80000, 0x00000007fd500000)
  object space 43520K, 36% used [0x00000007f8000000,0x00000007f8f6dd08,0x00000007faa80000)
 PSPermGen       total 23552K, used 23173K [0x00000007f2e00000, 0x00000007f4500000, 0x00000007f8000000)
  object space 23552K, 98% used [0x00000007f2e00000,0x00000007f44a1590,0x00000007f4500000)
Event: 2193.643 GC heap after
Heap after GC invocations=23 (full 0):
 PSYoungGen      total 20480K, used 1248K [0x00000007fd500000, 0x00000007ff380000, 0x0000000800000000)
  eden space 18944K, 0% used [0x00000007fd500000,0x00000007fd500000,0x00000007fe780000)
  from space 1536K, 81% used [0x00000007fe800000,0x00000007fe938000,0x00000007fe980000)
  to   space 6144K, 0% used [0x00000007fed80000,0x00000007fed80000,0x00000007ff380000)
 ParOldGen       total 43520K, used 15807K [0x00000007f8000000, 0x00000007faa80000, 0x00000007fd500000)
  object space 43520K, 36% used [0x00000007f8000000,0x00000007f8f6fd08,0x00000007faa80000)
 PSPermGen       total 23552K, used 23173K [0x00000007f2e00000, 0x00000007f4500000, 0x00000007f8000000)
  object space 23552K, 98% used [0x00000007f2e00000,0x00000007f44a1590,0x00000007f4500000)
}
Event: 2303.533 GC heap before
{Heap before GC invocations=24 (full 0):
 PSYoungGen      total 20480K, used 20192K [0x00000007fd500000, 0x00000007ff380000, 0x0000000800000000)
  eden space 18944K, 100% used [0x00000007fd500000,0x00000007fe780000,0x00000007fe780000)
  from space 1536K, 81% used [0x00000007fe800000,0x00000007fe938000,0x00000007fe980000)
  to   space 6144K, 0% used [0x00000007fed80000,0x00000007fed80000,0x00000007ff380000)
 ParOldGen       total 43520K, used 15807K [0x00000007f8000000, 0x00000007faa80000, 0x00000007fd500000)
  object space 43520K, 36% used [0x00000007f8000000,0x00000007f8f6fd08,0x00000007faa80000)
 PSPermGen       total 23552K, used 23205K [0x00000007f2e00000, 0x00000007f4500000, 0x00000007f8000000)
  object space 23552K, 98% used [0x00000007f2e00000,0x00000007f44a9770,0x00000007f4500000)
Event: 2303.539 GC heap after
Heap after GC invocations=24 (full 0):
 PSYoungGen      total 24064K, used 1184K [0x00000007fd500000, 0x00000007ff280000, 0x0000000800000000)
  eden space 18944K, 0% used [0x00000007fd500000,0x00000007fd500000,0x00000007fe780000)
  from space 5120K, 23% used [0x00000007fed80000,0x00000007feea8000,0x00000007ff280000)
  to   space 5632K, 0% used [0x00000007fe780000,0x00000007fe780000,0x00000007fed00000)
 ParOldGen       total 43520K, used 15831K [0x00000007f8000000, 0x00000007faa80000, 0x00000007fd500000)
  object space 43520K, 36% used [0x00000007f8000000,0x00000007f8f75d08,0x00000007faa80000)
 PSPermGen       total 23552K, used 23205K [0x00000007f2e00000, 0x00000007f4500000, 0x00000007f8000000)
  object space 23552K, 98% used [0x00000007f2e00000,0x00000007f44a9770,0x00000007f4500000)
}
Event: 2413.533 GC heap before
{Heap before GC invocations=25 (full 0):
 PSYoungGen      total 24064K, used 20128K [0x00000007fd500000, 0x00000007ff280000, 0x0000000800000000)
  eden space 18944K, 100% used [0x00000007fd500000,0x00000007fe780000,0x00000007fe780000)
  from space 5120K, 23% used [0x00000007fed80000,0x00000007feea8000,0x00000007ff280000)
  to   space 5632K, 0% used [0x00000007fe780000,0x00000007fe780000,0x00000007fed00000)
 ParOldGen       total 43520K, used 15831K [0x00000007f8000000, 0x00000007faa80000, 0x00000007fd500000)
  object space 43520K, 36% used [0x00000007f8000000,0x00000007f8f75d08,0x00000007faa80000)
 PSPermGen       total 23552K, used 23242K [0x00000007f2e00000, 0x00000007f4500000, 0x00000007f8000000)
  object space 23552K, 98% used [0x00000007f2e00000,0x00000007f44b2ad0,0x00000007f4500000)
Event: 2413.539 GC heap after
Heap after GC invocations=25 (full 0):
 PSYoungGen      total 24576K, used 1216K [0x00000007fd500000, 0x00000007ff280000, 0x0000000800000000)
  eden space 18944K, 0% used [0x00000007fd500000,0x00000007fd500000,0x00000007fe780000)
  from space 5632K, 21% used [0x00000007fe780000,0x00000007fe8b0000,0x00000007fed00000)
  to   space 5632K, 0% used [0x00000007fed00000,0x00000007fed00000,0x00000007ff280000)
 ParOldGen       total 43520K, used 15855K [0x00000007f8000000, 0x00000007faa80000, 0x00000007fd500000)
  object space 43520K, 36% used [0x00000007f8000000,0x00000007f8f7bd08,0x00000007faa80000)
 PSPermGen       total 23552K, used 23242K [0x00000007f2e00000, 0x00000007f4500000, 0x00000007f8000000)
  object space 23552K, 98% used [0x00000007f2e00000,0x00000007f44b2ad0,0x00000007f4500000)
}
Event: 2480.042 GC heap before
{Heap before GC invocations=26 (full 0):
 PSYoungGen      total 24576K, used 20159K [0x00000007fd500000, 0x00000007ff280000, 0x0000000800000000)
  eden space 18944K, 99% used [0x00000007fd500000,0x00000007fe77fff8,0x00000007fe780000)
  from space 5632K, 21% used [0x00000007fe780000,0x00000007fe8b0000,0x00000007fed00000)
  to   space 5632K, 0% used [0x00000007fed00000,0x00000007fed00000,0x00000007ff280000)
 ParOldGen       total 43520K, used 15855K [0x00000007f8000000, 0x00000007faa80000, 0x00000007fd500000)
  object space 43520K, 36% used [0x00000007f8000000,0x00000007f8f7bd08,0x00000007faa80000)
 PSPermGen       total 24576K, used 24091K [0x00000007f2e00000, 0x00000007f4600000, 0x00000007f8000000)
  object space 24576K, 98% used [0x00000007f2e00000,0x00000007f4586cf0,0x00000007f4600000)
Event: 2480.048 GC heap after
Heap after GC invocations=26 (full 0):
 PSYoungGen      total 23552K, used 1423K [0x00000007fd500000, 0x00000007ff180000, 0x0000000800000000)
  eden space 18944K, 0% used [0x00000007fd500000,0x00000007fd500000,0x00000007fe780000)
  from space 4608K, 30% used [0x00000007fed00000,0x00000007fee63f20,0x00000007ff180000)
  to   space 5120K, 0% used [0x00000007fe780000,0x00000007fe780000,0x00000007fec80000)
 ParOldGen       total 43520K, used 15901K [0x00000007f8000000, 0x00000007faa80000, 0x00000007fd500000)
  object space 43520K, 36% used [0x00000007f8000000,0x00000007f8f87518,0x00000007faa80000)
 PSPermGen       total 24576K, used 24091K [0x00000007f2e00000, 0x00000007f4600000, 0x00000007f8000000)
  object space 24576K, 98% used [0x00000007f2e00000,0x00000007f4586cf0,0x00000007f4600000)
}
Event: 2586.311 GC heap before
{Heap before GC invocations=27 (full 0):
 PSYoungGen      total 23552K, used 20367K [0x00000007fd500000, 0x00000007ff180000, 0x0000000800000000)
  eden space 18944K, 100% used [0x00000007fd500000,0x00000007fe780000,0x00000007fe780000)
  from space 4608K, 30% used [0x00000007fed00000,0x00000007fee63f20,0x00000007ff180000)
  to   space 5120K, 0% used [0x00000007fe780000,0x00000007fe780000,0x00000007fec80000)
 ParOldGen       total 43520K, used 15901K [0x00000007f8000000, 0x00000007faa80000, 0x00000007fd500000)
  object space 43520K, 36% used [0x00000007f8000000,0x00000007f8f87518,0x00000007faa80000)
 PSPermGen       total 24576K, used 24093K [0x00000007f2e00000, 0x00000007f4600000, 0x00000007f8000000)
  object space 24576K, 98% used [0x00000007f2e00000,0x00000007f4587418,0x00000007f4600000)
Event: 2586.317 GC heap after
Heap after GC invocations=27 (full 0):
 PSYoungGen      total 24064K, used 1088K [0x00000007fd500000, 0x00000007ff180000, 0x0000000800000000)
  eden space 18944K, 0% used [0x00000007fd500000,0x00000007fd500000,0x00000007fe780000)
  from space 5120K, 21% used [0x00000007fe780000,0x00000007fe890000,0x00000007fec80000)
  to   space 5120K, 0% used [0x00000007fec80000,0x00000007fec80000,0x00000007ff180000)
 ParOldGen       total 43520K, used 16045K [0x00000007f8000000, 0x00000007faa80000, 0x00000007fd500000)
  object space 43520K, 36% used [0x00000007f8000000,0x00000007f8fab518,0x00000007faa80000)
 PSPermGen       total 24576K, used 24093K [0x00000007f2e00000, 0x00000007f4600000, 0x00000007f8000000)
  object space 24576K, 98% used [0x00000007f2e00000,0x00000007f4587418,0x00000007f4600000)
}

